<?xml version="1.0" encoding="UTF-8"?>
<!-- Generated by org.testng.reporters.JUnitReportReporter -->
<testsuite hostname="DESKTOP-SPTTII7" failures="0" tests="1" name="com.w2a.testcases.LoginTest" time="30.212" errors="0" timestamp="2023-05-12T13:56:08 BST" skipped="0">
  <testcase classname="com.w2a.testcases.LoginTest" name="loginAsBankManager" time="30.212"/>
  <system-out/>
</testsuite> <!-- com.w2a.testcases.LoginTest -->
